
 ____   ___  _____ _____ ___  __  __    ____ __     __
| __ ) / _ \|_   _|_   _/ _ \|  \/  |  / ___|\ \   / /
|  _ \| | | | | |   | || | | | |\/| | | |     \ \ / / 
| |_) | |_| | | |   | || |_| | |  | | | |___   \ V /  
|____/ \___/  |_|   |_| \___/|_|  |_|  \____|   \_/   

:: Spring Boot Application ::        (v3.3.3)
:: BOTTOM CV - Job Recruitment Platform ::

2025-12-27T09:32:29.679+07:00  INFO 8120 --- [bottom-cv] [           main] com.cnpm.bottomcv.BottomCvApplication    : Starting BottomCvApplication v0.0.1-SNAPSHOT using Java 21.0.7 with PID 8120 (D:\WORK-SPACE\btcv\bottom-cv\target\bottom-cv-0.0.1-SNAPSHOT.jar started by VIEQUOC in D:\WORK-SPACE\btcv\bottom-cv)
2025-12-27T09:32:29.685+07:00 DEBUG 8120 --- [bottom-cv] [           main] com.cnpm.bottomcv.BottomCvApplication    : Running with Spring Boot v3.3.3, Spring v6.1.12
2025-12-27T09:32:29.687+07:00  INFO 8120 --- [bottom-cv] [           main] com.cnpm.bottomcv.BottomCvApplication    : No active profile set, falling back to 1 default profile: "default"
2025-12-27T09:32:31.984+07:00  INFO 8120 --- [bottom-cv] [           main] .s.d.r.c.RepositoryConfigurationDelegate : Multiple Spring Data modules found, entering strict repository configuration mode
2025-12-27T09:32:31.987+07:00  INFO 8120 --- [bottom-cv] [           main] .s.d.r.c.RepositoryConfigurationDelegate : Bootstrapping Spring Data JPA repositories in DEFAULT mode.
2025-12-27T09:32:32.342+07:00  INFO 8120 --- [bottom-cv] [           main] .s.d.r.c.RepositoryConfigurationDelegate : Finished Spring Data repository scanning in 342 ms. Found 19 JPA repository interfaces.
2025-12-27T09:32:32.365+07:00  INFO 8120 --- [bottom-cv] [           main] .s.d.r.c.RepositoryConfigurationDelegate : Multiple Spring Data modules found, entering strict repository configuration mode
2025-12-27T09:32:32.376+07:00  INFO 8120 --- [bottom-cv] [           main] .s.d.r.c.RepositoryConfigurationDelegate : Bootstrapping Spring Data Redis repositories in DEFAULT mode.
2025-12-27T09:32:32.405+07:00  INFO 8120 --- [bottom-cv] [           main] .RepositoryConfigurationExtensionSupport : Spring Data Redis - Could not safely identify store assignment for repository candidate interface com.cnpm.bottomcv.repository.ai.RecommendationRepository; If you want this repository to be a Redis repository, consider annotating your entities with one of these annotations: org.springframework.data.redis.core.RedisHash (preferred), or consider extending one of the following types with your repository: org.springframework.data.keyvalue.repository.KeyValueRepository
2025-12-27T09:32:32.407+07:00  INFO 8120 --- [bottom-cv] [           main] .RepositoryConfigurationExtensionSupport : Spring Data Redis - Could not safely identify store assignment for repository candidate interface com.cnpm.bottomcv.repository.ApplyRepository; If you want this repository to be a Redis repository, consider annotating your entities with one of these annotations: org.springframework.data.redis.core.RedisHash (preferred), or consider extending one of the following types with your repository: org.springframework.data.keyvalue.repository.KeyValueRepository
2025-12-27T09:32:32.407+07:00  INFO 8120 --- [bottom-cv] [           main] .RepositoryConfigurationExtensionSupport : Spring Data Redis - Could not safely identify store assignment for repository candidate interface com.cnpm.bottomcv.repository.CategoryRepository; If you want this repository to be a Redis repository, consider annotating your entities with one of these annotations: org.springframework.data.redis.core.RedisHash (preferred), or consider extending one of the following types with your repository: org.springframework.data.keyvalue.repository.KeyValueRepository
2025-12-27T09:32:32.407+07:00  INFO 8120 --- [bottom-cv] [           main] .RepositoryConfigurationExtensionSupport : Spring Data Redis - Could not safely identify store assignment for repository candidate interface com.cnpm.bottomcv.repository.CompanyRepository; If you want this repository to be a Redis repository, consider annotating your entities with one of these annotations: org.springframework.data.redis.core.RedisHash (preferred), or consider extending one of the following types with your repository: org.springframework.data.keyvalue.repository.KeyValueRepository
2025-12-27T09:32:32.408+07:00  INFO 8120 --- [bottom-cv] [           main] .RepositoryConfigurationExtensionSupport : Spring Data Redis - Could not safely identify store assignment for repository candidate interface com.cnpm.bottomcv.repository.CVRepository; If you want this repository to be a Redis repository, consider annotating your entities with one of these annotations: org.springframework.data.redis.core.RedisHash (preferred), or consider extending one of the following types with your repository: org.springframework.data.keyvalue.repository.KeyValueRepository
2025-12-27T09:32:32.408+07:00  INFO 8120 --- [bottom-cv] [           main] .RepositoryConfigurationExtensionSupport : Spring Data Redis - Could not safely identify store assignment for repository candidate interface com.cnpm.bottomcv.repository.InterviewRepository; If you want this repository to be a Redis repository, consider annotating your entities with one of these annotations: org.springframework.data.redis.core.RedisHash (preferred), or consider extending one of the following types with your repository: org.springframework.data.keyvalue.repository.KeyValueRepository
2025-12-27T09:32:32.408+07:00  INFO 8120 --- [bottom-cv] [           main] .RepositoryConfigurationExtensionSupport : Spring Data Redis - Could not safely identify store assignment for repository candidate interface com.cnpm.bottomcv.repository.JobAlertRepository; If you want this repository to be a Redis repository, consider annotating your entities with one of these annotations: org.springframework.data.redis.core.RedisHash (preferred), or consider extending one of the following types with your repository: org.springframework.data.keyvalue.repository.KeyValueRepository
2025-12-27T09:32:32.408+07:00  INFO 8120 --- [bottom-cv] [           main] .RepositoryConfigurationExtensionSupport : Spring Data Redis - Could not safely identify store assignment for repository candidate interface com.cnpm.bottomcv.repository.JobRepository; If you want this repository to be a Redis repository, consider annotating your entities with one of these annotations: org.springframework.data.redis.core.RedisHash (preferred), or consider extending one of the following types with your repository: org.springframework.data.keyvalue.repository.KeyValueRepository
2025-12-27T09:32:32.409+07:00  INFO 8120 --- [bottom-cv] [           main] .RepositoryConfigurationExtensionSupport : Spring Data Redis - Could not safely identify store assignment for repository candidate interface com.cnpm.bottomcv.repository.MessageRepository; If you want this repository to be a Redis repository, consider annotating your entities with one of these annotations: org.springframework.data.redis.core.RedisHash (preferred), or consider extending one of the following types with your repository: org.springframework.data.keyvalue.repository.KeyValueRepository
2025-12-27T09:32:32.409+07:00  INFO 8120 --- [bottom-cv] [           main] .RepositoryConfigurationExtensionSupport : Spring Data Redis - Could not safely identify store assignment for repository candidate interface com.cnpm.bottomcv.repository.NotificationRepository; If you want this repository to be a Redis repository, consider annotating your entities with one of these annotations: org.springframework.data.redis.core.RedisHash (preferred), or consider extending one of the following types with your repository: org.springframework.data.keyvalue.repository.KeyValueRepository
2025-12-27T09:32:32.409+07:00  INFO 8120 --- [bottom-cv] [           main] .RepositoryConfigurationExtensionSupport : Spring Data Redis - Could not safely identify store assignment for repository candidate interface com.cnpm.bottomcv.repository.PaymentRepository; If you want this repository to be a Redis repository, consider annotating your entities with one of these annotations: org.springframework.data.redis.core.RedisHash (preferred), or consider extending one of the following types with your repository: org.springframework.data.keyvalue.repository.KeyValueRepository
2025-12-27T09:32:32.409+07:00  INFO 8120 --- [bottom-cv] [           main] .RepositoryConfigurationExtensionSupport : Spring Data Redis - Could not safely identify store assignment for repository candidate interface com.cnpm.bottomcv.repository.ProfileRepository; If you want this repository to be a Redis repository, consider annotating your entities with one of these annotations: org.springframework.data.redis.core.RedisHash (preferred), or consider extending one of the following types with your repository: org.springframework.data.keyvalue.repository.KeyValueRepository
2025-12-27T09:32:32.409+07:00  INFO 8120 --- [bottom-cv] [           main] .RepositoryConfigurationExtensionSupport : Spring Data Redis - Could not safely identify store assignment for repository candidate interface com.cnpm.bottomcv.repository.RefreshTokenRepository; If you want this repository to be a Redis repository, consider annotating your entities with one of these annotations: org.springframework.data.redis.core.RedisHash (preferred), or consider extending one of the following types with your repository: org.springframework.data.keyvalue.repository.KeyValueRepository
2025-12-27T09:32:32.409+07:00  INFO 8120 --- [bottom-cv] [           main] .RepositoryConfigurationExtensionSupport : Spring Data Redis - Could not safely identify store assignment for repository candidate interface com.cnpm.bottomcv.repository.ReportRepository; If you want this repository to be a Redis repository, consider annotating your entities with one of these annotations: org.springframework.data.redis.core.RedisHash (preferred), or consider extending one of the following types with your repository: org.springframework.data.keyvalue.repository.KeyValueRepository
2025-12-27T09:32:32.409+07:00  INFO 8120 --- [bottom-cv] [           main] .RepositoryConfigurationExtensionSupport : Spring Data Redis - Could not safely identify store assignment for repository candidate interface com.cnpm.bottomcv.repository.ReviewRepository; If you want this repository to be a Redis repository, consider annotating your entities with one of these annotations: org.springframework.data.redis.core.RedisHash (preferred), or consider extending one of the following types with your repository: org.springframework.data.keyvalue.repository.KeyValueRepository
2025-12-27T09:32:32.410+07:00  INFO 8120 --- [bottom-cv] [           main] .RepositoryConfigurationExtensionSupport : Spring Data Redis - Could not safely identify store assignment for repository candidate interface com.cnpm.bottomcv.repository.RoleRepository; If you want this repository to be a Redis repository, consider annotating your entities with one of these annotations: org.springframework.data.redis.core.RedisHash (preferred), or consider extending one of the following types with your repository: org.springframework.data.keyvalue.repository.KeyValueRepository
2025-12-27T09:32:32.410+07:00  INFO 8120 --- [bottom-cv] [           main] .RepositoryConfigurationExtensionSupport : Spring Data Redis - Could not safely identify store assignment for repository candidate interface com.cnpm.bottomcv.repository.SavedJobRepository; If you want this repository to be a Redis repository, consider annotating your entities with one of these annotations: org.springframework.data.redis.core.RedisHash (preferred), or consider extending one of the following types with your repository: org.springframework.data.keyvalue.repository.KeyValueRepository
2025-12-27T09:32:32.410+07:00  INFO 8120 --- [bottom-cv] [           main] .RepositoryConfigurationExtensionSupport : Spring Data Redis - Could not safely identify store assignment for repository candidate interface com.cnpm.bottomcv.repository.SystemConfigRepository; If you want this repository to be a Redis repository, consider annotating your entities with one of these annotations: org.springframework.data.redis.core.RedisHash (preferred), or consider extending one of the following types with your repository: org.springframework.data.keyvalue.repository.KeyValueRepository
2025-12-27T09:32:32.410+07:00  INFO 8120 --- [bottom-cv] [           main] .RepositoryConfigurationExtensionSupport : Spring Data Redis - Could not safely identify store assignment for repository candidate interface com.cnpm.bottomcv.repository.UserRepository; If you want this repository to be a Redis repository, consider annotating your entities with one of these annotations: org.springframework.data.redis.core.RedisHash (preferred), or consider extending one of the following types with your repository: org.springframework.data.keyvalue.repository.KeyValueRepository
2025-12-27T09:32:32.410+07:00  INFO 8120 --- [bottom-cv] [           main] .s.d.r.c.RepositoryConfigurationDelegate : Finished Spring Data repository scanning in 16 ms. Found 0 Redis repository interfaces.
2025-12-27T09:32:34.021+07:00  INFO 8120 --- [bottom-cv] [           main] o.s.b.w.embedded.tomcat.TomcatWebServer  : Tomcat initialized with port 8088 (http)
2025-12-27T09:32:34.051+07:00  INFO 8120 --- [bottom-cv] [           main] o.apache.catalina.core.StandardService   : Starting service [Tomcat]
2025-12-27T09:32:34.051+07:00  INFO 8120 --- [bottom-cv] [           main] o.apache.catalina.core.StandardEngine    : Starting Servlet engine: [Apache Tomcat/10.1.28]
2025-12-27T09:32:34.102+07:00  INFO 8120 --- [bottom-cv] [           main] o.a.c.c.C.[Tomcat].[localhost].[/]       : Initializing Spring embedded WebApplicationContext
2025-12-27T09:32:34.104+07:00  INFO 8120 --- [bottom-cv] [           main] w.s.c.ServletWebServerApplicationContext : Root WebApplicationContext: initialization completed in 4311 ms
2025-12-27T09:32:34.829+07:00  INFO 8120 --- [bottom-cv] [           main] o.hibernate.jpa.internal.util.LogHelper  : HHH000204: Processing PersistenceUnitInfo [name: default]
2025-12-27T09:32:35.046+07:00  INFO 8120 --- [bottom-cv] [           main] org.hibernate.Version                    : HHH000412: Hibernate ORM core version 6.5.2.Final
2025-12-27T09:32:35.098+07:00  INFO 8120 --- [bottom-cv] [           main] o.h.c.internal.RegionFactoryInitiator    : HHH000026: Second-level cache disabled
2025-12-27T09:32:35.402+07:00  INFO 8120 --- [bottom-cv] [           main] o.s.o.j.p.SpringPersistenceUnitInfo      : No LoadTimeWeaver setup: ignoring JPA class transformer
2025-12-27T09:32:35.440+07:00  INFO 8120 --- [bottom-cv] [           main] com.zaxxer.hikari.HikariDataSource       : HikariPool-1 - Starting...
2025-12-27T09:32:35.654+07:00  INFO 8120 --- [bottom-cv] [           main] com.zaxxer.hikari.pool.HikariPool        : HikariPool-1 - Added connection org.postgresql.jdbc.PgConnection@7ba623d1
2025-12-27T09:32:35.655+07:00  INFO 8120 --- [bottom-cv] [           main] com.zaxxer.hikari.HikariDataSource       : HikariPool-1 - Start completed.
2025-12-27T09:32:35.697+07:00  WARN 8120 --- [bottom-cv] [           main] org.hibernate.orm.deprecation            : HHH90000025: PostgreSQLDialect does not need to be specified explicitly using 'hibernate.dialect' (remove the property setting and it will be selected by default)
2025-12-27T09:32:37.502+07:00  INFO 8120 --- [bottom-cv] [           main] o.h.e.t.j.p.i.JtaPlatformInitiator       : HHH000489: No JTA platform available (set 'hibernate.transaction.jta.platform' to enable JTA platform integration)
Hibernate: alter table if exists categories alter column description set data type TEXT
Hibernate: alter table if exists companies alter column introduce set data type TEXT
2025-12-27T09:32:37.907+07:00  INFO 8120 --- [bottom-cv] [           main] j.LocalContainerEntityManagerFactoryBean : Initialized JPA EntityManagerFactory for persistence unit 'default'
2025-12-27T09:32:38.498+07:00  INFO 8120 --- [bottom-cv] [           main] o.s.d.j.r.query.QueryEnhancerFactory     : Hibernate is in classpath; If applicable, HQL parser will be used.
2025-12-27T09:32:39.432+07:00 DEBUG 8120 --- [bottom-cv] [           main] c.c.b.config.JwtAuthenticationFilter     : Filter 'jwtAuthenticationFilter' configured for use
2025-12-27T09:32:39.676+07:00  INFO 8120 --- [bottom-cv] [           main] o.a.l.s.MemorySegmentIndexInputProvider  : Using MemorySegmentIndexInput with Java 21 or later; to disable start with -Dorg.apache.lucene.store.MMapDirectory.enableMemorySegments=false
2025-12-27T09:32:40.421+07:00  INFO 8120 --- [bottom-cv] [           main] eAuthenticationProviderManagerConfigurer : Global AuthenticationManager configured with AuthenticationProvider bean with name authenticationProvider
2025-12-27T09:32:40.423+07:00  WARN 8120 --- [bottom-cv] [           main] r$InitializeUserDetailsManagerConfigurer : Global AuthenticationManager configured with an AuthenticationProvider bean. UserDetailsService beans will not be used for username/password login. Consider removing the AuthenticationProvider bean. Alternatively, consider using the UserDetailsService in a manually instantiated DaoAuthenticationProvider.
2025-12-27T09:32:42.176+07:00  WARN 8120 --- [bottom-cv] [           main] JpaBaseConfiguration$JpaWebConfiguration : spring.jpa.open-in-view is enabled by default. Therefore, database queries may be performed during view rendering. Explicitly configure spring.jpa.open-in-view to disable this warning
2025-12-27T09:32:42.717+07:00  INFO 8120 --- [bottom-cv] [           main] o.s.b.a.e.web.EndpointLinksResolver      : Exposing 1 endpoint beneath base path '/actuator'
2025-12-27T09:32:42.828+07:00 DEBUG 8120 --- [bottom-cv] [           main] o.s.s.web.DefaultSecurityFilterChain     : Will secure any request with filters: DisableEncodeUrlFilter, WebAsyncManagerIntegrationFilter, SecurityContextHolderFilter, HeaderWriterFilter, CorsFilter, LogoutFilter, JwtAuthenticationFilter, RequestCacheAwareFilter, SecurityContextHolderAwareRequestFilter, AnonymousAuthenticationFilter, SessionManagementFilter, ExceptionTranslationFilter, AuthorizationFilter
2025-12-27T09:32:43.824+07:00  INFO 8120 --- [bottom-cv] [           main] o.s.b.w.embedded.tomcat.TomcatWebServer  : Tomcat started on port 8088 (http) with context path '/'
2025-12-27T09:32:43.840+07:00  INFO 8120 --- [bottom-cv] [           main] com.cnpm.bottomcv.BottomCvApplication    : Started BottomCvApplication in 14.802 seconds (process running for 15.813)
2025-12-27T09:32:43.912+07:00  INFO 8120 --- [bottom-cv] [           main] c.cnpm.bottomcv.config.MinioInitializer  : Initializing MinIO storage...
2025-12-27T09:32:44.200+07:00  INFO 8120 --- [bottom-cv] [           main] com.cnpm.bottomcv.service.MinioService   : Bucket 'bottom-cv-storage' already exists
2025-12-27T09:32:44.200+07:00  INFO 8120 --- [bottom-cv] [           main] c.cnpm.bottomcv.config.MinioInitializer  : MinIO storage initialized successfully
Hibernate: select count(*) from roles r1_0
Hibernate: select u1_0.id from users u1_0 where u1_0.username=? fetch first ? rows only
2025-12-27T09:32:44.327+07:00  WARN 8120 --- [bottom-cv] [           main] c.cnpm.bottomcv.config.DataInitializer   : Roles and admin user already exist in the database.
2025-12-27T09:32:44.329+07:00  WARN 8120 --- [bottom-cv] [           main] c.c.b.service.impl.JobServiceImpl        : Recommendation model not found. Recommendation features will be disabled.
Hibernate: select u1_0.id,u1_0.company_id,u1_0.created_at,u1_0.created_by,u1_0.password,u1_0.status,u1_0.updated_at,u1_0.updated_by,u1_0.user_code,u1_0.username from users u1_0
Hibernate: select p1_0.id,p1_0.address,p1_0.avatar,p1_0.created_at,p1_0.created_by,p1_0.day_of_birth,p1_0.description,p1_0.email,p1_0.first_name,p1_0.last_name,p1_0.phone_number,p1_0.updated_at,p1_0.updated_by,p1_0.user_id,u1_0.id,c1_0.id,c1_0.company_size,c1_0.cover,c1_0.created_at,c1_0.created_by,c1_0.email,c1_0.founded_year,c1_0.industry,c1_0.introduce,c1_0.logo,c1_0.name,c1_0.phone,c1_0.slug,c1_0.updated_at,c1_0.updated_by,c1_0.verification_date,c1_0.verification_notes,c1_0.verified,c1_0.verified_by,c1_0.website,u1_0.created_at,u1_0.created_by,u1_0.password,r1_0.user_id,r1_1.id,r1_1.created_at,r1_1.created_by,r1_1.name,r1_1.updated_at,r1_1.updated_by,u1_0.status,u1_0.updated_at,u1_0.updated_by,u1_0.user_code,u1_0.username from profiles p1_0 join users u1_0 on u1_0.id=p1_0.user_id left join companies c1_0 on c1_0.id=u1_0.company_id left join user_roles r1_0 on u1_0.id=r1_0.user_id left join roles r1_1 on r1_1.id=r1_0.role_id where p1_0.user_id=?
Hibernate: select j1_0.id,j1_0.company_id,j1_0.created_at,j1_0.created_by,j1_0.expiry_date,j1_0.job_benefit,j1_0.job_description,j1_0.job_requirement,j1_0.job_type,j1_0.latitude,j1_0.location,j1_0.longitude,j1_0.salary,j1_0.status,j1_0.title,j1_0.updated_at,j1_0.updated_by,j1_0.work_time from jobs j1_0
2025-12-27T09:32:44.467+07:00  WARN 8120 --- [bottom-cv] [           main] o.a.l.i.v.VectorizationProvider          : Java vector incubator module is not readable. For optimal vector performance, pass '--add-modules jdk.incubator.vector' to enable Vector API.
2025-12-27T09:32:44.520+07:00 ERROR 8120 --- [bottom-cv] [           main] c.c.b.service.impl.JobServiceImpl        : Failed to build TF-IDF index: failed to lazily initialize a collection of role: com.cnpm.bottomcv.model.User.cvs: could not initialize proxy - no Session
2025-12-27T09:32:49.289+07:00  INFO 8120 --- [bottom-cv] [nio-8088-exec-1] o.a.c.c.C.[Tomcat].[localhost].[/]       : Initializing Spring DispatcherServlet 'dispatcherServlet'
2025-12-27T09:32:49.290+07:00  INFO 8120 --- [bottom-cv] [nio-8088-exec-1] o.s.web.servlet.DispatcherServlet        : Initializing Servlet 'dispatcherServlet'
2025-12-27T09:32:49.292+07:00  INFO 8120 --- [bottom-cv] [nio-8088-exec-1] o.s.web.servlet.DispatcherServlet        : Completed initialization in 2 ms
2025-12-27T09:32:49.318+07:00 DEBUG 8120 --- [bottom-cv] [nio-8088-exec-1] o.s.security.web.FilterChainProxy        : Securing GET /actuator/health
2025-12-27T09:32:49.325+07:00 DEBUG 8120 --- [bottom-cv] [nio-8088-exec-1] o.s.s.w.a.AnonymousAuthenticationFilter  : Set SecurityContextHolder to anonymous SecurityContext
2025-12-27T09:32:49.332+07:00 DEBUG 8120 --- [bottom-cv] [nio-8088-exec-1] o.s.s.w.a.Http403ForbiddenEntryPoint     : Pre-authenticated entry point called. Rejecting access
2025-12-27T09:32:49.347+07:00 DEBUG 8120 --- [bottom-cv] [nio-8088-exec-1] o.s.security.web.FilterChainProxy        : Securing GET /error
2025-12-27T09:32:49.348+07:00 DEBUG 8120 --- [bottom-cv] [nio-8088-exec-1] o.s.s.w.a.AnonymousAuthenticationFilter  : Set SecurityContextHolder to anonymous SecurityContext
2025-12-27T09:32:49.348+07:00 DEBUG 8120 --- [bottom-cv] [nio-8088-exec-1] o.s.s.w.a.Http403ForbiddenEntryPoint     : Pre-authenticated entry point called. Rejecting access
2025-12-27T09:33:07.389+07:00 DEBUG 8120 --- [bottom-cv] [nio-8088-exec-4] o.s.security.web.FilterChainProxy        : Securing GET /actuator/health
2025-12-27T09:33:07.392+07:00 DEBUG 8120 --- [bottom-cv] [nio-8088-exec-4] o.s.s.w.a.AnonymousAuthenticationFilter  : Set SecurityContextHolder to anonymous SecurityContext
2025-12-27T09:33:07.398+07:00 DEBUG 8120 --- [bottom-cv] [nio-8088-exec-4] o.s.s.w.a.Http403ForbiddenEntryPoint     : Pre-authenticated entry point called. Rejecting access
2025-12-27T09:33:07.403+07:00 DEBUG 8120 --- [bottom-cv] [nio-8088-exec-4] o.s.security.web.FilterChainProxy        : Securing GET /error
2025-12-27T09:33:07.404+07:00 DEBUG 8120 --- [bottom-cv] [nio-8088-exec-4] o.s.s.w.a.AnonymousAuthenticationFilter  : Set SecurityContextHolder to anonymous SecurityContext
2025-12-27T09:33:07.405+07:00 DEBUG 8120 --- [bottom-cv] [nio-8088-exec-4] o.s.s.w.a.Http403ForbiddenEntryPoint     : Pre-authenticated entry point called. Rejecting access
2025-12-27T09:33:13.165+07:00 DEBUG 8120 --- [bottom-cv] [nio-8088-exec-5] o.s.security.web.FilterChainProxy        : Securing GET /swagger-ui.html
2025-12-27T09:33:13.166+07:00 DEBUG 8120 --- [bottom-cv] [nio-8088-exec-5] o.s.s.w.a.AnonymousAuthenticationFilter  : Set SecurityContextHolder to anonymous SecurityContext
2025-12-27T09:33:13.172+07:00 DEBUG 8120 --- [bottom-cv] [nio-8088-exec-5] o.s.security.web.FilterChainProxy        : Secured GET /swagger-ui.html
2025-12-27T09:33:13.386+07:00 DEBUG 8120 --- [bottom-cv] [nio-8088-exec-2] o.s.security.web.FilterChainProxy        : Securing GET /swagger-ui/index.html
2025-12-27T09:33:13.389+07:00 DEBUG 8120 --- [bottom-cv] [nio-8088-exec-2] o.s.s.w.a.AnonymousAuthenticationFilter  : Set SecurityContextHolder to anonymous SecurityContext
2025-12-27T09:33:13.390+07:00 DEBUG 8120 --- [bottom-cv] [nio-8088-exec-2] o.s.security.web.FilterChainProxy        : Secured GET /swagger-ui/index.html
2025-12-27T09:33:13.469+07:00 DEBUG 8120 --- [bottom-cv] [nio-8088-exec-3] o.s.security.web.FilterChainProxy        : Securing GET /swagger-ui/swagger-ui.css
2025-12-27T09:33:13.470+07:00 DEBUG 8120 --- [bottom-cv] [nio-8088-exec-3] o.s.s.w.a.AnonymousAuthenticationFilter  : Set SecurityContextHolder to anonymous SecurityContext
2025-12-27T09:33:13.471+07:00 DEBUG 8120 --- [bottom-cv] [nio-8088-exec-3] o.s.security.web.FilterChainProxy        : Secured GET /swagger-ui/swagger-ui.css
2025-12-27T09:33:13.481+07:00 DEBUG 8120 --- [bottom-cv] [nio-8088-exec-9] o.s.security.web.FilterChainProxy        : Securing GET /swagger-ui/swagger-initializer.js
2025-12-27T09:33:13.481+07:00 DEBUG 8120 --- [bottom-cv] [nio-8088-exec-8] o.s.security.web.FilterChainProxy        : Securing GET /swagger-ui/swagger-ui-standalone-preset.js
2025-12-27T09:33:13.482+07:00 DEBUG 8120 --- [bottom-cv] [nio-8088-exec-7] o.s.security.web.FilterChainProxy        : Securing GET /swagger-ui/swagger-ui-bundle.js
2025-12-27T09:33:13.482+07:00 DEBUG 8120 --- [bottom-cv] [nio-8088-exec-6] o.s.security.web.FilterChainProxy        : Securing GET /swagger-ui/index.css
2025-12-27T09:33:13.483+07:00 DEBUG 8120 --- [bottom-cv] [nio-8088-exec-8] o.s.s.w.a.AnonymousAuthenticationFilter  : Set SecurityContextHolder to anonymous SecurityContext
2025-12-27T09:33:13.483+07:00 DEBUG 8120 --- [bottom-cv] [nio-8088-exec-9] o.s.s.w.a.AnonymousAuthenticationFilter  : Set SecurityContextHolder to anonymous SecurityContext
2025-12-27T09:33:13.483+07:00 DEBUG 8120 --- [bottom-cv] [nio-8088-exec-6] o.s.s.w.a.AnonymousAuthenticationFilter  : Set SecurityContextHolder to anonymous SecurityContext
2025-12-27T09:33:13.483+07:00 DEBUG 8120 --- [bottom-cv] [nio-8088-exec-7] o.s.s.w.a.AnonymousAuthenticationFilter  : Set SecurityContextHolder to anonymous SecurityContext
2025-12-27T09:33:13.484+07:00 DEBUG 8120 --- [bottom-cv] [nio-8088-exec-8] o.s.security.web.FilterChainProxy        : Secured GET /swagger-ui/swagger-ui-standalone-preset.js
2025-12-27T09:33:13.484+07:00 DEBUG 8120 --- [bottom-cv] [nio-8088-exec-6] o.s.security.web.FilterChainProxy        : Secured GET /swagger-ui/index.css
2025-12-27T09:33:13.484+07:00 DEBUG 8120 --- [bottom-cv] [nio-8088-exec-7] o.s.security.web.FilterChainProxy        : Secured GET /swagger-ui/swagger-ui-bundle.js
2025-12-27T09:33:13.484+07:00 DEBUG 8120 --- [bottom-cv] [nio-8088-exec-9] o.s.security.web.FilterChainProxy        : Secured GET /swagger-ui/swagger-initializer.js
2025-12-27T09:33:13.555+07:00 DEBUG 8120 --- [bottom-cv] [nio-8088-exec-1] o.s.security.web.FilterChainProxy        : Securing GET /swagger-ui/swagger-ui-bundle.js
2025-12-27T09:33:13.555+07:00 DEBUG 8120 --- [bottom-cv] [io-8088-exec-10] o.s.security.web.FilterChainProxy        : Securing GET /swagger-ui/swagger-ui-standalone-preset.js
2025-12-27T09:33:13.556+07:00 DEBUG 8120 --- [bottom-cv] [nio-8088-exec-1] o.s.s.w.a.AnonymousAuthenticationFilter  : Set SecurityContextHolder to anonymous SecurityContext
2025-12-27T09:33:13.556+07:00 DEBUG 8120 --- [bottom-cv] [io-8088-exec-10] o.s.s.w.a.AnonymousAuthenticationFilter  : Set SecurityContextHolder to anonymous SecurityContext
2025-12-27T09:33:13.557+07:00 DEBUG 8120 --- [bottom-cv] [nio-8088-exec-1] o.s.security.web.FilterChainProxy        : Secured GET /swagger-ui/swagger-ui-bundle.js
2025-12-27T09:33:13.557+07:00 DEBUG 8120 --- [bottom-cv] [io-8088-exec-10] o.s.security.web.FilterChainProxy        : Secured GET /swagger-ui/swagger-ui-standalone-preset.js
2025-12-27T09:33:13.695+07:00 DEBUG 8120 --- [bottom-cv] [nio-8088-exec-4] o.s.security.web.FilterChainProxy        : Securing GET /swagger-ui/favicon-32x32.png
2025-12-27T09:33:13.695+07:00 DEBUG 8120 --- [bottom-cv] [nio-8088-exec-4] o.s.s.w.a.AnonymousAuthenticationFilter  : Set SecurityContextHolder to anonymous SecurityContext
2025-12-27T09:33:13.696+07:00 DEBUG 8120 --- [bottom-cv] [nio-8088-exec-4] o.s.security.web.FilterChainProxy        : Secured GET /swagger-ui/favicon-32x32.png
2025-12-27T09:33:13.884+07:00 DEBUG 8120 --- [bottom-cv] [nio-8088-exec-5] o.s.security.web.FilterChainProxy        : Securing GET /v3/api-docs/swagger-config
2025-12-27T09:33:13.887+07:00 DEBUG 8120 --- [bottom-cv] [nio-8088-exec-5] o.s.s.w.a.AnonymousAuthenticationFilter  : Set SecurityContextHolder to anonymous SecurityContext
2025-12-27T09:33:13.888+07:00 DEBUG 8120 --- [bottom-cv] [nio-8088-exec-5] o.s.security.web.FilterChainProxy        : Secured GET /v3/api-docs/swagger-config
2025-12-27T09:33:13.907+07:00 DEBUG 8120 --- [bottom-cv] [nio-8088-exec-2] o.s.security.web.FilterChainProxy        : Securing GET /v3/api-docs
2025-12-27T09:33:13.907+07:00 DEBUG 8120 --- [bottom-cv] [nio-8088-exec-2] o.s.s.w.a.AnonymousAuthenticationFilter  : Set SecurityContextHolder to anonymous SecurityContext
2025-12-27T09:33:13.907+07:00 DEBUG 8120 --- [bottom-cv] [nio-8088-exec-2] o.s.security.web.FilterChainProxy        : Secured GET /v3/api-docs
2025-12-27T09:33:19.880+07:00 DEBUG 8120 --- [bottom-cv] [nio-8088-exec-3] o.s.security.web.FilterChainProxy        : Securing GET /swagger-ui/swagger-initializer.js
2025-12-27T09:33:19.882+07:00 DEBUG 8120 --- [bottom-cv] [nio-8088-exec-3] o.s.s.w.a.AnonymousAuthenticationFilter  : Set SecurityContextHolder to anonymous SecurityContext
2025-12-27T09:33:19.886+07:00 DEBUG 8120 --- [bottom-cv] [nio-8088-exec-3] o.s.security.web.FilterChainProxy        : Secured GET /swagger-ui/swagger-initializer.js
2025-12-27T09:33:20.824+07:00  INFO 8120 --- [bottom-cv] [nio-8088-exec-2] o.springdoc.api.AbstractOpenApiResource  : Init duration for springdoc-openapi is: 6884 ms
2025-12-27T09:33:26.364+07:00 DEBUG 8120 --- [bottom-cv] [nio-8088-exec-6] o.s.security.web.FilterChainProxy        : Securing GET /swagger-ui/favicon-32x32.png
2025-12-27T09:33:26.366+07:00 DEBUG 8120 --- [bottom-cv] [nio-8088-exec-6] o.s.s.w.a.AnonymousAuthenticationFilter  : Set SecurityContextHolder to anonymous SecurityContext
2025-12-27T09:33:26.368+07:00 DEBUG 8120 --- [bottom-cv] [nio-8088-exec-6] o.s.security.web.FilterChainProxy        : Secured GET /swagger-ui/favicon-32x32.png
2025-12-27T09:33:32.595+07:00 DEBUG 8120 --- [bottom-cv] [nio-8088-exec-8] o.s.security.web.FilterChainProxy        : Securing GET /actuator/health
2025-12-27T09:33:32.598+07:00 DEBUG 8120 --- [bottom-cv] [nio-8088-exec-8] o.s.s.w.a.AnonymousAuthenticationFilter  : Set SecurityContextHolder to anonymous SecurityContext
2025-12-27T09:33:32.601+07:00 DEBUG 8120 --- [bottom-cv] [nio-8088-exec-8] o.s.s.w.a.Http403ForbiddenEntryPoint     : Pre-authenticated entry point called. Rejecting access
2025-12-27T09:33:32.603+07:00 DEBUG 8120 --- [bottom-cv] [nio-8088-exec-8] o.s.security.web.FilterChainProxy        : Securing GET /error
2025-12-27T09:33:32.604+07:00 DEBUG 8120 --- [bottom-cv] [nio-8088-exec-8] o.s.s.w.a.AnonymousAuthenticationFilter  : Set SecurityContextHolder to anonymous SecurityContext
2025-12-27T09:33:32.605+07:00 DEBUG 8120 --- [bottom-cv] [nio-8088-exec-8] o.s.s.w.a.Http403ForbiddenEntryPoint     : Pre-authenticated entry point called. Rejecting access
2025-12-27T09:33:40.446+07:00 DEBUG 8120 --- [bottom-cv] [nio-8088-exec-7] o.s.security.web.FilterChainProxy        : Securing GET /actuator
2025-12-27T09:33:40.448+07:00 DEBUG 8120 --- [bottom-cv] [nio-8088-exec-7] o.s.s.w.a.AnonymousAuthenticationFilter  : Set SecurityContextHolder to anonymous SecurityContext
2025-12-27T09:33:40.449+07:00 DEBUG 8120 --- [bottom-cv] [nio-8088-exec-7] o.s.s.w.a.Http403ForbiddenEntryPoint     : Pre-authenticated entry point called. Rejecting access
2025-12-27T09:33:40.451+07:00 DEBUG 8120 --- [bottom-cv] [nio-8088-exec-7] o.s.security.web.FilterChainProxy        : Securing GET /error
2025-12-27T09:33:40.452+07:00 DEBUG 8120 --- [bottom-cv] [nio-8088-exec-7] o.s.s.w.a.AnonymousAuthenticationFilter  : Set SecurityContextHolder to anonymous SecurityContext
2025-12-27T09:33:40.452+07:00 DEBUG 8120 --- [bottom-cv] [nio-8088-exec-7] o.s.s.w.a.Http403ForbiddenEntryPoint     : Pre-authenticated entry point called. Rejecting access
2025-12-27T09:33:46.700+07:00 DEBUG 8120 --- [bottom-cv] [io-8088-exec-10] o.s.security.web.FilterChainProxy        : Securing GET /swagger-ui.html
2025-12-27T09:33:46.701+07:00 DEBUG 8120 --- [bottom-cv] [io-8088-exec-10] o.s.s.w.a.AnonymousAuthenticationFilter  : Set SecurityContextHolder to anonymous SecurityContext
2025-12-27T09:33:46.702+07:00 DEBUG 8120 --- [bottom-cv] [io-8088-exec-10] o.s.security.web.FilterChainProxy        : Secured GET /swagger-ui.html
2025-12-27T09:33:46.722+07:00 DEBUG 8120 --- [bottom-cv] [nio-8088-exec-1] o.s.security.web.FilterChainProxy        : Securing GET /swagger-ui/index.html
2025-12-27T09:33:46.724+07:00 DEBUG 8120 --- [bottom-cv] [nio-8088-exec-1] o.s.s.w.a.AnonymousAuthenticationFilter  : Set SecurityContextHolder to anonymous SecurityContext
2025-12-27T09:33:46.724+07:00 DEBUG 8120 --- [bottom-cv] [nio-8088-exec-1] o.s.security.web.FilterChainProxy        : Secured GET /swagger-ui/index.html
2025-12-27T09:33:46.773+07:00 DEBUG 8120 --- [bottom-cv] [nio-8088-exec-9] o.s.security.web.FilterChainProxy        : Securing GET /swagger-ui/swagger-ui.css
2025-12-27T09:33:46.773+07:00 DEBUG 8120 --- [bottom-cv] [nio-8088-exec-4] o.s.security.web.FilterChainProxy        : Securing GET /swagger-ui/index.css
2025-12-27T09:33:46.776+07:00 DEBUG 8120 --- [bottom-cv] [nio-8088-exec-4] o.s.s.w.a.AnonymousAuthenticationFilter  : Set SecurityContextHolder to anonymous SecurityContext
2025-12-27T09:33:46.776+07:00 DEBUG 8120 --- [bottom-cv] [nio-8088-exec-9] o.s.s.w.a.AnonymousAuthenticationFilter  : Set SecurityContextHolder to anonymous SecurityContext
2025-12-27T09:33:46.779+07:00 DEBUG 8120 --- [bottom-cv] [nio-8088-exec-9] o.s.security.web.FilterChainProxy        : Secured GET /swagger-ui/swagger-ui.css
2025-12-27T09:33:46.779+07:00 DEBUG 8120 --- [bottom-cv] [nio-8088-exec-4] o.s.security.web.FilterChainProxy        : Secured GET /swagger-ui/index.css
2025-12-27T09:33:46.785+07:00 DEBUG 8120 --- [bottom-cv] [nio-8088-exec-2] o.s.security.web.FilterChainProxy        : Securing GET /swagger-ui/swagger-initializer.js
2025-12-27T09:33:46.785+07:00 DEBUG 8120 --- [bottom-cv] [nio-8088-exec-3] o.s.security.web.FilterChainProxy        : Securing GET /swagger-ui/swagger-ui-standalone-preset.js
2025-12-27T09:33:46.785+07:00 DEBUG 8120 --- [bottom-cv] [nio-8088-exec-5] o.s.security.web.FilterChainProxy        : Securing GET /swagger-ui/swagger-ui-bundle.js
2025-12-27T09:33:46.786+07:00 DEBUG 8120 --- [bottom-cv] [nio-8088-exec-3] o.s.s.w.a.AnonymousAuthenticationFilter  : Set SecurityContextHolder to anonymous SecurityContext
2025-12-27T09:33:46.786+07:00 DEBUG 8120 --- [bottom-cv] [nio-8088-exec-2] o.s.s.w.a.AnonymousAuthenticationFilter  : Set SecurityContextHolder to anonymous SecurityContext
2025-12-27T09:33:46.786+07:00 DEBUG 8120 --- [bottom-cv] [nio-8088-exec-5] o.s.s.w.a.AnonymousAuthenticationFilter  : Set SecurityContextHolder to anonymous SecurityContext
2025-12-27T09:33:46.786+07:00 DEBUG 8120 --- [bottom-cv] [nio-8088-exec-3] o.s.security.web.FilterChainProxy        : Secured GET /swagger-ui/swagger-ui-standalone-preset.js
2025-12-27T09:33:46.786+07:00 DEBUG 8120 --- [bottom-cv] [nio-8088-exec-2] o.s.security.web.FilterChainProxy        : Secured GET /swagger-ui/swagger-initializer.js
2025-12-27T09:33:46.786+07:00 DEBUG 8120 --- [bottom-cv] [nio-8088-exec-5] o.s.security.web.FilterChainProxy        : Secured GET /swagger-ui/swagger-ui-bundle.js
2025-12-27T09:33:46.863+07:00 DEBUG 8120 --- [bottom-cv] [nio-8088-exec-6] o.s.security.web.FilterChainProxy        : Securing GET /swagger-ui/swagger-initializer.js
2025-12-27T09:33:46.863+07:00 DEBUG 8120 --- [bottom-cv] [nio-8088-exec-8] o.s.security.web.FilterChainProxy        : Securing GET /swagger-ui/swagger-ui-standalone-preset.js
2025-12-27T09:33:46.863+07:00 DEBUG 8120 --- [bottom-cv] [nio-8088-exec-6] o.s.s.w.a.AnonymousAuthenticationFilter  : Set SecurityContextHolder to anonymous SecurityContext
2025-12-27T09:33:46.863+07:00 DEBUG 8120 --- [bottom-cv] [nio-8088-exec-8] o.s.s.w.a.AnonymousAuthenticationFilter  : Set SecurityContextHolder to anonymous SecurityContext
2025-12-27T09:33:46.864+07:00 DEBUG 8120 --- [bottom-cv] [nio-8088-exec-6] o.s.security.web.FilterChainProxy        : Secured GET /swagger-ui/swagger-initializer.js
2025-12-27T09:33:46.864+07:00 DEBUG 8120 --- [bottom-cv] [nio-8088-exec-8] o.s.security.web.FilterChainProxy        : Secured GET /swagger-ui/swagger-ui-standalone-preset.js
2025-12-27T09:33:46.865+07:00 DEBUG 8120 --- [bottom-cv] [nio-8088-exec-7] o.s.security.web.FilterChainProxy        : Securing GET /swagger-ui/swagger-ui-bundle.js
2025-12-27T09:33:46.865+07:00 DEBUG 8120 --- [bottom-cv] [nio-8088-exec-7] o.s.s.w.a.AnonymousAuthenticationFilter  : Set SecurityContextHolder to anonymous SecurityContext
2025-12-27T09:33:46.866+07:00 DEBUG 8120 --- [bottom-cv] [nio-8088-exec-7] o.s.security.web.FilterChainProxy        : Secured GET /swagger-ui/swagger-ui-bundle.js
2025-12-27T09:33:47.149+07:00 DEBUG 8120 --- [bottom-cv] [io-8088-exec-10] o.s.security.web.FilterChainProxy        : Securing GET /v3/api-docs/swagger-config
2025-12-27T09:33:47.150+07:00 DEBUG 8120 --- [bottom-cv] [io-8088-exec-10] o.s.s.w.a.AnonymousAuthenticationFilter  : Set SecurityContextHolder to anonymous SecurityContext
2025-12-27T09:33:47.150+07:00 DEBUG 8120 --- [bottom-cv] [io-8088-exec-10] o.s.security.web.FilterChainProxy        : Secured GET /v3/api-docs/swagger-config
2025-12-27T09:33:47.162+07:00 DEBUG 8120 --- [bottom-cv] [nio-8088-exec-1] o.s.security.web.FilterChainProxy        : Securing GET /v3/api-docs
2025-12-27T09:33:47.163+07:00 DEBUG 8120 --- [bottom-cv] [nio-8088-exec-1] o.s.s.w.a.AnonymousAuthenticationFilter  : Set SecurityContextHolder to anonymous SecurityContext
2025-12-27T09:33:47.163+07:00 DEBUG 8120 --- [bottom-cv] [nio-8088-exec-1] o.s.security.web.FilterChainProxy        : Secured GET /v3/api-docs
2025-12-27T09:33:47.209+07:00 DEBUG 8120 --- [bottom-cv] [nio-8088-exec-4] o.s.security.web.FilterChainProxy        : Securing GET /swagger-ui/favicon-32x32.png
2025-12-27T09:33:47.210+07:00 DEBUG 8120 --- [bottom-cv] [nio-8088-exec-4] o.s.s.w.a.AnonymousAuthenticationFilter  : Set SecurityContextHolder to anonymous SecurityContext
2025-12-27T09:33:47.210+07:00 DEBUG 8120 --- [bottom-cv] [nio-8088-exec-4] o.s.security.web.FilterChainProxy        : Secured GET /swagger-ui/favicon-32x32.png
2025-12-27T09:33:58.934+07:00 DEBUG 8120 --- [bottom-cv] [nio-8088-exec-9] o.s.security.web.FilterChainProxy        : Securing GET /swagger-ui/favicon-32x32.png
2025-12-27T09:33:58.936+07:00 DEBUG 8120 --- [bottom-cv] [nio-8088-exec-2] o.s.security.web.FilterChainProxy        : Securing GET /actuator/health
2025-12-27T09:33:58.936+07:00 DEBUG 8120 --- [bottom-cv] [nio-8088-exec-9] o.s.s.w.a.AnonymousAuthenticationFilter  : Set SecurityContextHolder to anonymous SecurityContext
2025-12-27T09:33:58.937+07:00 DEBUG 8120 --- [bottom-cv] [nio-8088-exec-2] o.s.s.w.a.AnonymousAuthenticationFilter  : Set SecurityContextHolder to anonymous SecurityContext
2025-12-27T09:33:58.938+07:00 DEBUG 8120 --- [bottom-cv] [nio-8088-exec-9] o.s.security.web.FilterChainProxy        : Secured GET /swagger-ui/favicon-32x32.png
2025-12-27T09:33:58.938+07:00 DEBUG 8120 --- [bottom-cv] [nio-8088-exec-2] o.s.s.w.a.Http403ForbiddenEntryPoint     : Pre-authenticated entry point called. Rejecting access
2025-12-27T09:33:58.941+07:00 DEBUG 8120 --- [bottom-cv] [nio-8088-exec-2] o.s.security.web.FilterChainProxy        : Securing GET /error
2025-12-27T09:33:58.943+07:00 DEBUG 8120 --- [bottom-cv] [nio-8088-exec-2] o.s.s.w.a.AnonymousAuthenticationFilter  : Set SecurityContextHolder to anonymous SecurityContext
2025-12-27T09:33:58.944+07:00 DEBUG 8120 --- [bottom-cv] [nio-8088-exec-2] o.s.s.w.a.Http403ForbiddenEntryPoint     : Pre-authenticated entry point called. Rejecting access
2025-12-27T09:34:06.076+07:00 DEBUG 8120 --- [bottom-cv] [nio-8088-exec-3] o.s.security.web.FilterChainProxy        : Securing GET /health
2025-12-27T09:34:06.076+07:00 DEBUG 8120 --- [bottom-cv] [nio-8088-exec-3] o.s.s.w.a.AnonymousAuthenticationFilter  : Set SecurityContextHolder to anonymous SecurityContext
2025-12-27T09:34:06.077+07:00 DEBUG 8120 --- [bottom-cv] [nio-8088-exec-3] o.s.s.w.a.Http403ForbiddenEntryPoint     : Pre-authenticated entry point called. Rejecting access
2025-12-27T09:34:06.078+07:00 DEBUG 8120 --- [bottom-cv] [nio-8088-exec-3] o.s.security.web.FilterChainProxy        : Securing GET /error
2025-12-27T09:34:06.079+07:00 DEBUG 8120 --- [bottom-cv] [nio-8088-exec-3] o.s.s.w.a.AnonymousAuthenticationFilter  : Set SecurityContextHolder to anonymous SecurityContext
2025-12-27T09:34:06.079+07:00 DEBUG 8120 --- [bottom-cv] [nio-8088-exec-3] o.s.s.w.a.Http403ForbiddenEntryPoint     : Pre-authenticated entry point called. Rejecting access
2025-12-27T09:34:48.310+07:00  INFO 8120 --- [bottom-cv] [ionShutdownHook] j.LocalContainerEntityManagerFactoryBean : Closing JPA EntityManagerFactory for persistence unit 'default'
2025-12-27T09:34:48.312+07:00  INFO 8120 --- [bottom-cv] [ionShutdownHook] com.zaxxer.hikari.HikariDataSource       : HikariPool-1 - Shutdown initiated...
2025-12-27T09:34:48.317+07:00  INFO 8120 --- [bottom-cv] [ionShutdownHook] com.zaxxer.hikari.HikariDataSource       : HikariPool-1 - Shutdown completed.
